<?xml version="1.0" encoding="UTF-8"?>
<!-- Generated by org.testng.reporters.JUnitReportReporter -->
<testsuite hostname="LAPTOP-9BQHQHON" failures="0" tests="3" name="day35_TestNG.FirstTest" time="0.010" errors="0" timestamp="2023-02-19T13:46:24 IST" skipped="0">
  <testcase classname="day35_TestNG.FirstTest" name="test3" time="0.001"/>
  <system-out/>
  <testcase classname="day35_TestNG.FirstTest" name="test1" time="0.007"/>
  <system-out/>
  <testcase classname="day35_TestNG.FirstTest" name="test2" time="0.002"/>
  <system-out/>
</testsuite> <!-- day35_TestNG.FirstTest -->
