<?xml version="1.0" encoding="UTF-8"?>
<!-- Generated by org.testng.reporters.JUnitReportReporter -->
<testsuite hostname="LAPTOP-9BQHQHON" failures="0" tests="3" name="day35_TestNG.ThirdTest" time="22.711" errors="0" timestamp="2023-02-19T18:52:35 IST" skipped="0">
  <testcase classname="day35_TestNG.ThirdTest" name="openApp" time="9.642"/>
  <system-out/>
  <testcase classname="day35_TestNG.ThirdTest" name="login" time="2.156"/>
  <system-out/>
  <testcase classname="day35_TestNG.ThirdTest" name="closeApp" time="10.913"/>
  <system-out/>
</testsuite> <!-- day35_TestNG.ThirdTest -->
