<?xml version="1.0" encoding="UTF-8"?>
<!-- Generated by org.testng.reporters.JUnitReportReporter -->
<testsuite hostname="LAPTOP-9BQHQHON" failures="0" tests="2" name="day36_TestNG.AllAnnotations" time="0.007" errors="0" timestamp="2023-02-20T01:02:51 IST" skipped="0">
  <testcase classname="day36_TestNG.AllAnnotations" name="tm1" time="0.005"/>
  <system-out/>
  <testcase classname="day36_TestNG.AllAnnotations" name="tm2" time="0.002"/>
  <system-out/>
</testsuite> <!-- day36_TestNG.AllAnnotations -->
