<?xml version="1.0" encoding="UTF-8"?>
<!-- Generated by org.testng.reporters.JUnitReportReporter -->
<testsuite hostname="LAPTOP-9BQHQHON" failures="0" tests="3" name="day35_TestNG.FourthTest" time="0.011" errors="0" timestamp="2023-02-19T19:00:53 IST" skipped="0">
  <testcase classname="day35_TestNG.FourthTest" name="openApp" time="0.008"/>
  <system-out/>
  <testcase classname="day35_TestNG.FourthTest" name="login" time="0.002"/>
  <system-out/>
  <testcase classname="day35_TestNG.FourthTest" name="logout" time="0.001"/>
  <system-out/>
</testsuite> <!-- day35_TestNG.FourthTest -->
