<?xml version="1.0" encoding="UTF-8"?>
<!-- Generated by org.testng.reporters.JUnitReportReporter -->
<testsuite hostname="LAPTOP-9BQHQHON" failures="0" tests="2" name="day36_TestNG.pack1.Class1" time="0.005" errors="0" timestamp="2023-02-20T00:05:24 IST" skipped="0">
  <testcase classname="day36_TestNG.pack1.Class1" name="abc" time="0.001"/>
  <system-out/>
  <testcase classname="day36_TestNG.pack1.Class1" name="abc" time="0.004"/>
  <system-out/>
</testsuite> <!-- day36_TestNG.pack1.Class1 -->
