<?xml version="1.0" encoding="UTF-8"?>
<!-- Generated by org.testng.reporters.JUnitReportReporter -->
<testsuite hostname="LAPTOP-9BQHQHON" failures="0" tests="2" name="day36_TestNG.AnnotationsDemo2" time="0.005" errors="0" timestamp="2023-02-19T23:29:05 IST" skipped="0">
  <testcase classname="day36_TestNG.AnnotationsDemo2" name="search" time="0.004"/>
  <system-out/>
  <testcase classname="day36_TestNG.AnnotationsDemo2" name="advSearch" time="0.001"/>
  <system-out/>
</testsuite> <!-- day36_TestNG.AnnotationsDemo2 -->
