<?xml version="1.0" encoding="UTF-8"?>
<!-- Generated by org.testng.reporters.JUnitReportReporter -->
<testsuite hostname="LAPTOP-9BQHQHON" failures="0" tests="2" name="day36_TestNG.pack2.Class2" time="0.002" errors="0" timestamp="2023-02-20T00:48:41 IST" skipped="0">
  <testcase classname="day36_TestNG.pack2.Class2" name="xyz" time="0.001"/>
  <system-out/>
  <testcase classname="day36_TestNG.pack2.Class2" name="xyz" time="0.001"/>
  <system-out/>
</testsuite> <!-- day36_TestNG.pack2.Class2 -->
