<?xml version="1.0" encoding="UTF-8"?>
<!-- Generated by org.testng.reporters.JUnitReportReporter -->
<testsuite hostname="LAPTOP-9BQHQHON" failures="0" tests="3" name="day37.Grouping" time="0.014" errors="0" timestamp="2023-02-21T16:53:29 IST" skipped="0">
  <testcase classname="day37.Grouping" name="loginByfacebook" time="0.012"/>
  <system-out/>
  <testcase classname="day37.Grouping" name="loginBytwitter" time="0.001"/>
  <system-out/>
  <testcase classname="day37.Grouping" name="paymentindollar" time="0.001"/>
  <system-out/>
</testsuite> <!-- day37.Grouping -->
