<?xml version="1.0" encoding="UTF-8"?>
<!-- Generated by org.testng.reporters.JUnitReportReporter -->
<testsuite hostname="LAPTOP-9BQHQHON" failures="0" tests="2" name="day36_TestNG.AnnotationDemo1" time="0.011" errors="0" timestamp="2023-02-19T23:12:12 IST" skipped="0">
  <testcase classname="day36_TestNG.AnnotationDemo1" name="search" time="0.009"/>
  <system-out/>
  <testcase classname="day36_TestNG.AnnotationDemo1" name="advancedsearch" time="0.002"/>
  <system-out/>
</testsuite> <!-- day36_TestNG.AnnotationDemo1 -->
